<?xml version="1.0" encoding="UTF-8"?>
<!-- Generated by org.testng.reporters.JUnitReportReporter -->
<testsuite hostname="NambiEzhilarasu" failures="0" tests="1" name="RestAssured_RestFull_Booker.CreateBooking" time="4.238" errors="0" timestamp="2023-09-09T22:45:34 IST" skipped="0">
  <testcase classname="RestAssured_RestFull_Booker.CreateBooking" name="getId" time="4.238"/>
  <system-out/>
</testsuite> <!-- RestAssured_RestFull_Booker.CreateBooking -->
