<?xml version="1.0" encoding="UTF-8"?>
<!-- Generated by org.testng.reporters.JUnitReportReporter -->
<testsuite hostname="NambiEzhilarasu" failures="0" tests="1" name="restAssured_ReqRes.Get_Call" time="4.662" errors="0" timestamp="2023-11-01T19:32:45 IST" skipped="0">
  <testcase classname="restAssured_ReqRes.Get_Call" name="Get" time="4.662"/>
  <system-out/>
</testsuite> <!-- restAssured_ReqRes.Get_Call -->
